\BOOKMARK [1][-]{section.1}{\376\377\137\025\212\000}{}% 1
\BOOKMARK [2][-]{subsection.1.1}{\376\377\225\356\230\230\200\314\146\157}{section.1}% 2
\BOOKMARK [2][-]{subsection.1.2}{\376\377\225\356\230\230\221\315\217\360}{section.1}% 3
\BOOKMARK [2][-]{subsection.1.3}{\376\377\147\054\145\207\135\345\117\134\151\202\217\360}{section.1}% 4
\BOOKMARK [1][-]{section.2}{\376\377\140\073\117\123\122\006\147\220}{}% 5
\BOOKMARK [2][-]{subsection.2.1}{\376\377\225\356\230\230\122\006\147\220}{section.2}% 6
\BOOKMARK [2][-]{subsection.2.2}{\376\377\145\160\143\156\213\364\146\016}{section.2}% 7
\BOOKMARK [2][-]{subsection.2.3}{\376\377\145\164\117\123\136\372\152\041\155\101\172\013}{section.2}% 8
\BOOKMARK [1][-]{section.3}{\376\377\152\041\127\213\120\107\213\276}{}% 9
\BOOKMARK [1][-]{section.4}{\376\377\173\046\123\367\213\364\146\016}{}% 10
\BOOKMARK [1][-]{section.5}{\376\377\152\041\127\213\166\204\136\372\172\313\116\016\154\102\211\343}{}% 11
\BOOKMARK [2][-]{subsection.5.1}{\376\377\225\356\230\230\116\000\377\032\000X\000X\000X\000X\152\041\127\213\166\204\136\372\172\313\116\016\154\102\211\343}{section.5}% 12
\BOOKMARK [3][-]{subsubsection.5.1.1}{\376\377\136\372\152\041\140\035\215\357}{subsection.5.1}% 13
\BOOKMARK [3][-]{subsubsection.5.1.2}{\376\377\145\160\143\156\230\204\131\004\164\006\377\010\131\202\227\000\211\201\377\011}{subsection.5.1}% 14
\BOOKMARK [3][-]{subsubsection.5.1.3}{\376\377\152\041\127\213\136\372\172\313}{subsection.5.1}% 15
\BOOKMARK [3][-]{subsubsection.5.1.4}{\376\377\152\041\127\213\154\102\211\343}{subsection.5.1}% 16
\BOOKMARK [3][-]{subsubsection.5.1.5}{\376\377\176\323\147\234\122\006\147\220}{subsection.5.1}% 17
\BOOKMARK [2][-]{subsection.5.2}{\376\377\225\356\230\230\116\214\377\032\000X\000X\000X\000X\152\041\127\213\166\204\136\372\172\313\116\016\154\102\211\343}{section.5}% 18
\BOOKMARK [3][-]{subsubsection.5.2.1}{\376\377\136\372\152\041\140\035\215\357}{subsection.5.2}% 19
\BOOKMARK [3][-]{subsubsection.5.2.2}{\376\377\152\041\127\213\136\372\172\313}{subsection.5.2}% 20
\BOOKMARK [3][-]{subsubsection.5.2.3}{\376\377\152\041\127\213\154\102\211\343}{subsection.5.2}% 21
\BOOKMARK [3][-]{subsubsection.5.2.4}{\376\377\176\323\147\234\122\006\147\220}{subsection.5.2}% 22
\BOOKMARK [2][-]{subsection.5.3}{\376\377\225\356\230\230\116\011\377\032\000X\000X\000X\000X\152\041\127\213\166\204\136\372\172\313\116\016\154\102\211\343}{section.5}% 23
\BOOKMARK [3][-]{subsubsection.5.3.1}{\376\377\136\372\152\041\140\035\215\357}{subsection.5.3}% 24
\BOOKMARK [3][-]{subsubsection.5.3.2}{\376\377\152\041\127\213\136\372\172\313}{subsection.5.3}% 25
\BOOKMARK [3][-]{subsubsection.5.3.3}{\376\377\152\041\127\213\154\102\211\343}{subsection.5.3}% 26
\BOOKMARK [3][-]{subsubsection.5.3.4}{\376\377\176\323\147\234\122\006\147\220}{subsection.5.3}% 27
\BOOKMARK [1][-]{section.6}{\376\377\152\041\127\213\150\300\232\214}{}% 28
\BOOKMARK [2][-]{subsection.6.1}{\376\377\160\165\145\117\136\246\122\006\147\220}{section.6}% 29
\BOOKMARK [2][-]{subsection.6.2}{\376\377\213\357\135\356\122\006\147\220}{section.6}% 30
\BOOKMARK [2][-]{subsection.6.3}{\376\377\234\201\150\322\140\047\150\300\232\214\377\010\123\357\220\011\377\011}{section.6}% 31
\BOOKMARK [2][-]{subsection.6.4}{\376\377\152\041\127\213\133\371\153\324\377\010\123\357\220\011\377\011}{section.6}% 32
\BOOKMARK [1][-]{section.7}{\376\377\152\041\127\213\213\304\116\367}{}% 33
\BOOKMARK [2][-]{subsection.7.1}{\376\377\152\041\127\213\117\030\160\271}{section.7}% 34
\BOOKMARK [2][-]{subsection.7.2}{\376\377\152\041\127\213\177\072\160\271}{section.7}% 35
\BOOKMARK [1][-]{section.8}{\376\377\152\041\127\213\166\204\145\071\217\333\116\016\143\250\136\177}{}% 36
\BOOKMARK [2][-]{subsection.8.1}{\376\377\152\041\127\213\145\071\217\333\145\271\124\021}{section.8}% 37
\BOOKMARK [2][-]{subsection.8.2}{\376\377\152\041\127\213\143\250\136\177}{section.8}% 38
